c:\users\casey\repos\opengl-tutorials\youtubeopengl 7 - going 3d\x64\debug\vc142.pdb
c:\users\casey\repos\opengl-tutorials\youtubeopengl 7 - going 3d\x64\debug\vc142.idb
c:\users\casey\repos\opengl-tutorials\youtubeopengl 7 - going 3d\x64\debug\vbo.obj
c:\users\casey\repos\opengl-tutorials\youtubeopengl 7 - going 3d\x64\debug\vao.obj
c:\users\casey\repos\opengl-tutorials\youtubeopengl 7 - going 3d\x64\debug\texture.obj
c:\users\casey\repos\opengl-tutorials\youtubeopengl 7 - going 3d\x64\debug\stb.obj
c:\users\casey\repos\opengl-tutorials\youtubeopengl 7 - going 3d\x64\debug\shaderclass.obj
c:\users\casey\repos\opengl-tutorials\youtubeopengl 7 - going 3d\x64\debug\main.obj
c:\users\casey\repos\opengl-tutorials\youtubeopengl 7 - going 3d\x64\debug\ebo.obj
c:\users\casey\repos\opengl-tutorials\youtubeopengl 7 - going 3d\x64\debug\glad.obj
c:\users\casey\repos\farnight\youtubeopengl 7 - going 3d\x64\debug\vc142.pdb
c:\users\casey\repos\farnight\youtubeopengl 7 - going 3d\x64\debug\vc142.idb
c:\users\casey\repos\farnight\youtubeopengl 7 - going 3d\x64\debug\vbo.obj
c:\users\casey\repos\farnight\youtubeopengl 7 - going 3d\x64\debug\vao.obj
c:\users\casey\repos\farnight\youtubeopengl 7 - going 3d\x64\debug\texture.obj
c:\users\casey\repos\farnight\youtubeopengl 7 - going 3d\x64\debug\stb.obj
c:\users\casey\repos\farnight\youtubeopengl 7 - going 3d\x64\debug\shaderclass.obj
c:\users\casey\repos\farnight\youtubeopengl 7 - going 3d\x64\debug\ebo.obj
c:\users\casey\repos\farnight\youtubeopengl 7 - going 3d\x64\debug\glad.obj
c:\users\casey\repos\opengl-tutorials\youtubeopengl 7 - going 3d\x64\debug\youtubeopengl.ilk
c:\users\casey\repos\opengl-tutorials\youtubeopengl 7 - going 3d\x64\debug\youtubeopengl.exe
c:\users\casey\repos\opengl-tutorials\youtubeopengl 7 - going 3d\x64\debug\youtubeopengl.pdb
c:\users\casey\repos\farnight\youtubeopengl 7 - going 3d\x64\debug\youtubeopengl.exe
c:\users\casey\repos\farnight\youtubeopengl 7 - going 3d\x64\debug\youtubeopengl.ilk
c:\users\casey\repos\farnight\youtubeopengl 7 - going 3d\x64\debug\youtubeopengl.pdb
c:\users\casey\repos\farnight\youtubeopengl 7 - going 3d\x64\debug\youtubeopengl.tlog\cl.command.1.tlog
c:\users\casey\repos\farnight\youtubeopengl 7 - going 3d\x64\debug\youtubeopengl.tlog\cl.read.1.tlog
c:\users\casey\repos\farnight\youtubeopengl 7 - going 3d\x64\debug\youtubeopengl.tlog\cl.write.1.tlog
c:\users\casey\repos\farnight\youtubeopengl 7 - going 3d\x64\debug\youtubeopengl.tlog\link.command.1.tlog
c:\users\casey\repos\farnight\youtubeopengl 7 - going 3d\x64\debug\youtubeopengl.tlog\link.read.1.tlog
c:\users\casey\repos\farnight\youtubeopengl 7 - going 3d\x64\debug\youtubeopengl.tlog\link.write.1.tlog
